<?xml version="1.0" encoding="utf-8"?><testsuites><testsuite name="pytest" errors="0" failures="0" skipped="0" tests="202" time="48.303" timestamp="2026-09-16T08:41:00.795471+07:00" hostname="tandaoduys-MBP.lan"><testcase classname="backend.tests.test_agent_api_integration" name="test_agent_api_stores_feedback_idempotently_and_exposes_trace" time="0.655" /><testcase classname="backend.tests.test_agent_api_integration" name="test_agent_api_replans_and_confirms" time="1.484" /><testcase classname="backend.tests.test_agent_orchestrator" name="test_orchestrator_enforces_order_and_validation_gate" time="0.000" /><testcase classname="backend.tests.test_agent_orchestrator" name="test_invalid_plans_replan_then_stop_after_generation_budget" time="0.000" /><testcase classname="backend.tests.test_agent_orchestrator" name="test_late_result_stops_run_with_timeout" time="0.000" /><testcase classname="backend.tests.test_agent_orchestrator" name="test_retry_only_allows_safe_retryable_action_before_deadline" time="0.000" /><testcase classname="backend.tests.test_agent_orchestrator" name="test_generation_budget_stops_without_claiming_no_solution" time="0.000" /><testcase classname="backend.tests.test_agent_orchestrator" name="test_mismatched_knowledge_version_cannot_pass_to_validator" time="0.000" /><testcase classname="backend.tests.test_agent_pipeline" name="test_pipeline_e2e_generates_and_validates_candidates" time="6.393" /><testcase classname="backend.tests.test_agent_pipeline" name="test_pipeline_handles_missing_student" time="0.000" /><testcase classname="backend.tests.test_agent_pipeline" name="test_pipeline_trace_records_capability_outcomes" time="0.498" /><testcase classname="backend.tests.test_agent_pipeline" name="test_sv001_replans_then_confirms_after_advisor_replacement" time="1.445" /><testcase classname="backend.tests.test_agent_pipeline" name="test_modify_goal_and_target_credits_start_a_new_versioned_planning_round" time="0.964" /><testcase classname="backend.tests.test_agent_pipeline" name="test_add_and_remove_feedback_normalize_to_hard_adjustment_without_mutating_plan" time="0.483" /><testcase classname="backend.tests.test_agent_pipeline" name="test_unsatisfied_adjustment_returns_structured_diagnostic" time="0.517" /><testcase classname="backend.tests.test_agent_pipeline" name="test_confirm_refreshes_changed_sources_and_requires_new_selection" time="0.995" /><testcase classname="backend.tests.test_agent_pipeline" name="test_confirm_rejects_plan_that_fails_final_validation" time="0.984" /><testcase classname="backend.tests.test_agent_pipeline_fast" name="test_fast_agent_pipeline_e2e" time="0.054" /><testcase classname="backend.tests.test_agent_run_store" name="test_store_round_trip_and_revision_conflict" time="0.001" /><testcase classname="backend.tests.test_agent_run_store" name="test_runs_and_artifacts_are_isolated_and_hash_checked" time="0.001" /><testcase classname="backend.tests.test_agent_run_store" name="test_feedback_is_idempotent_and_conflicting_reuse_is_rejected" time="0.001" /><testcase classname="backend.tests.test_capabilities" name="test_adapters_read_project_sources_and_validate_generated_candidates" time="7.256" /><testcase classname="backend.tests.test_container_healthcheck" name="test_accepts_ready_application" time="0.000" /><testcase classname="backend.tests.test_container_healthcheck" name="test_rejects_unready_service[status-error]" time="0.000" /><testcase classname="backend.tests.test_container_healthcheck" name="test_rejects_unready_service[student_service_ready-False]" time="0.000" /><testcase classname="backend.tests.test_container_healthcheck" name="test_rejects_unready_service[recommendation_engine_ready-False]" time="0.000" /><testcase classname="backend.tests.test_container_healthcheck" name="test_rejects_unready_service[ontology_loaded-False]" time="0.000" /><testcase classname="backend.tests.test_container_healthcheck" name="test_rejects_unready_service[course_count-0]" time="0.000" /><testcase classname="backend.tests.test_container_healthcheck" name="test_rejects_missing_health_data" time="0.000" /><testcase classname="backend.tests.test_deep_business_rules" name="test_credit_load_score_is_stable_at_every_boundary[12-5]" time="0.000" /><testcase classname="backend.tests.test_deep_business_rules" name="test_credit_load_score_is_stable_at_every_boundary[13-12]" time="0.000" /><testcase classname="backend.tests.test_deep_business_rules" name="test_credit_load_score_is_stable_at_every_boundary[15-12]" time="0.000" /><testcase classname="backend.tests.test_deep_business_rules" name="test_credit_load_score_is_stable_at_every_boundary[16-18]" time="0.000" /><testcase classname="backend.tests.test_deep_business_rules" name="test_credit_load_score_is_stable_at_every_boundary[18-18]" time="0.000" /><testcase classname="backend.tests.test_deep_business_rules" name="test_credit_load_score_is_stable_at_every_boundary[19-22]" time="0.000" /><testcase classname="backend.tests.test_deep_business_rules" name="test_credit_load_score_is_stable_at_every_boundary[21-22]" time="0.000" /><testcase classname="backend.tests.test_deep_business_rules" name="test_credit_load_score_is_stable_at_every_boundary[22-25]" time="0.000" /><testcase classname="backend.tests.test_deep_business_rules" name="test_student_semester_boundary[0-False]" time="0.000" /><testcase classname="backend.tests.test_deep_business_rules" name="test_student_semester_boundary[1-True]" time="0.000" /><testcase classname="backend.tests.test_deep_business_rules" name="test_student_semester_boundary[8-True]" time="0.000" /><testcase classname="backend.tests.test_deep_business_rules" name="test_student_semester_boundary[9-False]" time="0.000" /><testcase classname="backend.tests.test_deep_business_rules" name="test_gpa_is_invariant_under_input_order" time="0.000" /><testcase classname="backend.tests.test_deep_business_rules" name="test_duplicate_attempt_does_not_increase_accumulated_credits" time="0.000" /><testcase classname="backend.tests.test_deep_business_rules" name="test_exempt_course_is_passed_but_excluded_from_gpa" time="0.000" /><testcase classname="backend.tests.test_deep_business_rules" name="test_beam_search_keeps_corequisite_bundle_and_credit_invariant" time="0.000" /><testcase classname="backend.tests.test_deep_business_rules" name="test_beam_search_excludes_missing_corequisite" time="0.000" /><testcase classname="backend.tests.test_deep_business_rules" name="test_selected_specialization_accepts_matching_course_and_rejects_other_specialization[C\xf4ng ngh\u1ec7 ph\u1ea7n m\u1ec1m]" time="0.000" /><testcase classname="backend.tests.test_deep_business_rules" name="test_selected_specialization_accepts_matching_course_and_rejects_other_specialization[H\u1ec7 th\u1ed1ng Th\xf4ng tin]" time="0.000" /><testcase classname="backend.tests.test_deep_business_rules" name="test_unselected_specialization_excludes_specialization_course" time="0.000" /><testcase classname="backend.tests.test_deep_business_rules" name="test_study_ahead_allows_course_before_recommended_semester" time="0.000" /><testcase classname="backend.tests.test_deep_business_rules" name="test_full_elective_quota_excludes_candidate" time="0.000" /><testcase classname="backend.tests.test_deep_business_rules" name="test_remaining_elective_quota_allows_candidate" time="0.000" /><testcase classname="backend.tests.test_deep_business_rules" name="test_beam_search_accepts_exact_max_credits_and_rejects_excess" time="0.000" /><testcase classname="backend.tests.test_deep_business_rules" name="test_near_graduation_student_with_one_remaining_course_can_finish_on_time" time="0.000" /><testcase classname="backend.tests.test_deep_business_rules" name="test_prerequisite_chain_reports_unknown_reference" time="0.000" /><testcase classname="backend.tests.test_deep_business_rules" name="test_risk_result_exposes_only_documented_levels" time="0.000" /><testcase classname="backend.tests.test_english_registration_credit" name="test_english_registration_credit_is_shared_by_generator_and_validator[FLS310]" time="6.351" /><testcase classname="backend.tests.test_english_registration_credit" name="test_english_registration_credit_is_shared_by_generator_and_validator[FLS312]" time="0.004" /><testcase classname="backend.tests.test_english_registration_credit" name="test_english_registration_credit_is_shared_by_generator_and_validator[FLS313]" time="0.005" /><testcase classname="backend.tests.test_m4_scoring" name="test_risk_matches_hand_calculation" time="0.057" /><testcase classname="backend.tests.test_m4_scoring" name="test_scores_match_hand_calculation_and_are_order_independent" time="0.084" /><testcase classname="backend.tests.test_m4_scoring" name="test_small_pools_and_constant_normalization[0]" time="0.082" /><testcase classname="backend.tests.test_m4_scoring" name="test_small_pools_and_constant_normalization[1]" time="0.083" /><testcase classname="backend.tests.test_m4_scoring" name="test_small_pools_and_constant_normalization[2]" time="0.084" /><testcase classname="backend.tests.test_m4_scoring" name="test_small_pools_and_constant_normalization[3]" time="0.084" /><testcase classname="backend.tests.test_m4_scoring" name="test_pool_changes_recompute_normalization" time="0.086" /><testcase classname="backend.tests.test_m4_scoring" name="test_stale_candidate_is_rejected_even_with_recomputed_wrapper_hash" time="0.056" /><testcase classname="backend.tests.test_m4_scoring" name="test_missing_academic_status_and_changed_credit_policy_are_rejected" time="0.030" /><testcase classname="backend.tests.test_m4_scoring" name="test_duplicate_pool_and_stale_risk_are_rejected" time="0.031" /><testcase classname="backend.tests.test_m4_scoring" name="test_equal_bounds_and_goal_edge_cases" time="0.030" /><testcase classname="backend.tests.test_m4_scoring" name="test_unlock_counts_new_edges_once_and_diversity_is_distance" time="0.000" /><testcase classname="backend.tests.test_m4_scoring" name="test_near_duplicates_do_not_fill_three_slots" time="0.326" /><testcase classname="backend.tests.test_m4_scoring" name="test_uncertified_plans_cannot_enter_risk[invalid]" time="0.029" /><testcase classname="backend.tests.test_m4_scoring" name="test_uncertified_plans_cannot_enter_risk[partially_validated]" time="0.030" /><testcase classname="backend.tests.test_m4_scoring" name="test_uncertified_plans_cannot_enter_risk[error]" time="0.029" /><testcase classname="backend.tests.test_ontology_evidence" name="test_facts_keep_query_triples_and_content_version" time="0.004" /><testcase classname="backend.tests.test_ontology_evidence" name="test_corequisite_evidence" time="0.004" /><testcase classname="backend.tests.test_ontology_evidence" name="test_specialization_requirement_is_preserved_in_evidence" time="0.007" /><testcase classname="backend.tests.test_ontology_evidence" name="test_semester_offering_evidence" time="0.009" /><testcase classname="backend.tests.test_ontology_evidence" name="test_unknown_course_and_version_mismatch_are_errors" time="0.003" /><testcase classname="backend.tests.test_ontology_evidence" name="test_indexed_query_preserves_full_query_results[get_course_evidence]" time="0.011" /><testcase classname="backend.tests.test_ontology_evidence" name="test_indexed_query_preserves_full_query_results[get_course_credit_evidence]" time="0.015" /><testcase classname="backend.tests.test_ontology_evidence" name="test_indexed_query_preserves_full_query_results[get_course_category_evidence]" time="0.018" /><testcase classname="backend.tests.test_ontology_evidence" name="test_indexed_query_preserves_full_query_results[get_semester_offering_evidence]" time="0.014" /><testcase classname="backend.tests.test_ontology_evidence" name="test_rule_conclusion_links_to_fact[completed0-fail]" time="0.003" /><testcase classname="backend.tests.test_ontology_evidence" name="test_rule_conclusion_links_to_fact[completed1-pass]" time="0.003" /><testcase classname="backend.tests.test_physical_education_credit" name="test_generator_reports_registration_credit_for_physical_education[85105]" time="3.856" /><testcase classname="backend.tests.test_physical_education_credit" name="test_generator_reports_registration_credit_for_physical_education[85108]" time="0.000" /><testcase classname="backend.tests.test_physical_education_credit" name="test_evidence_service_reports_matching_catalog_credit[85105]" time="3.052" /><testcase classname="backend.tests.test_physical_education_credit" name="test_evidence_service_reports_matching_catalog_credit[85108]" time="0.004" /><testcase classname="backend.tests.test_physical_education_credit" name="test_generator_and_evidence_service_agree_on_pe_credits" time="0.031" /><testcase classname="backend.tests.test_progress_risk_analyzer" name="test_assess_student_is_unknown_when_engine_is_not_available" time="0.000" /><testcase classname="backend.tests.test_progress_risk_analyzer" name="test_assess_student_is_on_track_when_all_required_courses_are_passed" time="0.000" /><testcase classname="backend.tests.test_progress_risk_analyzer" name="test_assess_student_marks_high_risk_when_prerequisite_chain_cannot_finish_in_time" time="0.000" /><testcase classname="backend.tests.test_progress_risk_analyzer" name="test_assess_student_marks_medium_risk_when_failed_prerequisite_blocks_course" time="0.000" /><testcase classname="backend.tests.test_progress_risk_analyzer" name="test_assess_student_does_not_raise_risk_for_failed_elective_replaced_by_same_group" time="0.000" /><testcase classname="backend.tests.test_project_layout" name="test_runtime_data_stays_in_project_data" time="0.000" /><testcase classname="backend.tests.test_project_layout" name="test_ontology_and_flask_resources_exist" time="0.000" /><testcase classname="backend.tests.test_recommendation_api_integration" name="test_recommendation_api_returns_a_plan_for_a_real_student" time="0.006" /><testcase classname="backend.tests.test_recommendation_api_integration" name="test_recommendation_api_rejects_missing_student_id" time="0.000" /><testcase classname="backend.tests.test_recommendation_engine" name="test_valid_courses_includes_course_when_prerequisites_and_open_semester_match" time="0.000" /><testcase classname="backend.tests.test_recommendation_engine" name="test_valid_courses_excludes_missing_prerequisite_with_reason" time="0.000" /><testcase classname="backend.tests.test_recommendation_engine" name="test_valid_courses_excludes_course_not_open_in_current_semester" time="0.000" /><testcase classname="backend.tests.test_recommendation_engine" name="test_valid_courses_excludes_course_from_another_major" time="0.000" /><testcase classname="backend.tests.test_recommendation_engine" name="test_valid_courses_marks_failed_course_as_retake_and_prioritizes_it" time="0.000" /><testcase classname="backend.tests.test_recommendation_engine" name="test_failed_prerequisite_is_prioritized_while_dependent_course_is_excluded" time="0.000" /><testcase classname="backend.tests.test_recommendation_engine" name="test_get_prerequisite_chain_reports_cycle_without_recursing_forever" time="0.000" /><testcase classname="backend.tests.test_schemas" name="test_request_normalizes_and_rejects_conflicting_preferences" time="0.000" /><testcase classname="backend.tests.test_schemas" name="test_snapshot_preserves_history_but_rejects_conflicting_current_state" time="0.000" /><testcase classname="backend.tests.test_schemas" name="test_candidate_is_not_a_validity_certificate" time="0.000" /><testcase classname="backend.tests.test_schemas" name="test_evidence_requires_actual_source_payload[changes0]" time="0.000" /><testcase classname="backend.tests.test_schemas" name="test_evidence_requires_actual_source_payload[changes1]" time="0.000" /><testcase classname="backend.tests.test_schemas" name="test_evidence_requires_actual_source_payload[changes2]" time="0.000" /><testcase classname="backend.tests.test_schemas" name="test_empty_sparql_result_is_explicit_evidence" time="0.000" /><testcase classname="backend.tests.test_schemas" name="test_validation_roundtrip_and_reference_integrity" time="0.000" /><testcase classname="backend.tests.test_schemas" name="test_contracts_export_json_schema" time="0.007" /><testcase classname="backend.tests.test_schemas" name="test_feedback_contract_covers_selection_and_explained_adjustments" time="0.000" /><testcase classname="backend.tests.test_security_controls" name="test_recommendation_logs_do_not_contain_student_identifier" time="3.700" /><testcase classname="backend.tests.test_security_controls" name="test_passwords_are_verified_against_one_way_hashes" time="0.147" /><testcase classname="backend.tests.test_security_controls" name="test_session_cookie_and_expiration_configuration_are_secure" time="0.000" /><testcase classname="backend.tests.test_security_controls" name="test_components_are_not_exposed_when_debug_is_disabled" time="0.000" /><testcase classname="backend.tests.test_security_controls" name="test_recommendation_api_requires_authentication" time="0.000" /><testcase classname="backend.tests.test_security_controls" name="test_registration_rejects_weak_or_malformed_credentials" time="0.000" /><testcase classname="backend.tests.test_standard_validator" name="test_audit_collects_pass_and_fail" time="0.057" /><testcase classname="backend.tests.test_standard_validator" name="test_pass_is_valid_and_repeatable" time="0.110" /><testcase classname="backend.tests.test_standard_validator" name="test_same_plan_prerequisite_is_not_completed" time="0.055" /><testcase classname="backend.tests.test_standard_validator" name="test_mismatch_is_error_before_queries" time="0.002" /><testcase classname="backend.tests.test_standard_validator" name="test_unknown_course_is_invalid_with_dependent_skips" time="0.033" /><testcase classname="backend.tests.test_standard_validator" name="test_normalized_duplicates_have_candidate_evidence" time="0.029" /><testcase classname="backend.tests.test_standard_validator" name="test_wrong_candidate_credit_is_invalid" time="0.028" /><testcase classname="backend.tests.test_standard_validator" name="test_corequisite_violation_is_invalid" time="0.028" /><testcase classname="backend.tests.test_standard_validator" name="test_corequisite_satisfied_in_same_plan" time="0.055" /><testcase classname="backend.tests.test_standard_validator" name="test_semester_offering_violation_is_invalid" time="0.029" /><testcase classname="backend.tests.test_standard_validator" name="test_completed_course_retake_is_invalid" time="0.028" /><testcase classname="backend.tests.test_standard_validator" name="test_credit_limit_exceeded_is_invalid" time="0.029" /><testcase classname="backend.tests.test_standard_validator" name="test_missing_or_conflicting_catalog_credit_is_error[values0]" time="0.027" /><testcase classname="backend.tests.test_standard_validator" name="test_missing_or_conflicting_catalog_credit_is_error[values1]" time="0.028" /><testcase classname="backend.tests.test_standard_validator" name="test_missing_or_conflicting_catalog_credit_is_error[values2]" time="0.028" /><testcase classname="backend.tests.test_standard_validator" name="test_numeric_equivalent_literals_are_not_conflicting" time="0.028" /><testcase classname="backend.tests.test_standard_validator" name="test_prior_study_uses_finished_history[missing-invalid]" time="0.029" /><testcase classname="backend.tests.test_standard_validator" name="test_prior_study_uses_finished_history[failed-valid]" time="0.029" /><testcase classname="backend.tests.test_standard_validator" name="test_prior_study_uses_finished_history[in_progress-invalid]" time="0.028" /><testcase classname="backend.tests.test_standard_validator" name="test_prior_study_uses_finished_history[same_plan-invalid]" time="0.055" /><testcase classname="backend.tests.test_standard_validator" name="test_missing_policy_never_certifies_valid[prior_study_requirements-value0-prior_study]" time="0.029" /><testcase classname="backend.tests.test_standard_validator" name="test_missing_policy_never_certifies_valid[curriculum_courses-None-curriculum_membership]" time="0.029" /><testcase classname="backend.tests.test_standard_validator" name="test_missing_policy_never_certifies_valid[target_semester_type-None-semester_offering]" time="0.028" /><testcase classname="backend.tests.test_standard_validator" name="test_curriculum_matches_exact_iris_and_program[m1-spec1-curriculum0-valid]" time="0.030" /><testcase classname="backend.tests.test_standard_validator" name="test_curriculum_matches_exact_iris_and_program[m2-spec1-curriculum1-invalid]" time="0.031" /><testcase classname="backend.tests.test_standard_validator" name="test_curriculum_matches_exact_iris_and_program[m1-spec2-curriculum2-invalid]" time="0.031" /><testcase classname="backend.tests.test_standard_validator" name="test_curriculum_matches_exact_iris_and_program[m1-None-curriculum3-invalid]" time="0.030" /><testcase classname="backend.tests.test_standard_validator" name="test_curriculum_matches_exact_iris_and_program[m1-spec1-curriculum4-invalid]" time="0.031" /><testcase classname="backend.tests.test_standard_validator" name="test_offering_uses_target_term_not_current_semester" time="0.055" /><testcase classname="backend.tests.test_standard_validator" name="test_missing_invalid_or_conflicting_offering_is_error[values0]" time="0.029" /><testcase classname="backend.tests.test_standard_validator" name="test_missing_invalid_or_conflicting_offering_is_error[values1]" time="0.030" /><testcase classname="backend.tests.test_standard_validator" name="test_missing_invalid_or_conflicting_offering_is_error[values2]" time="0.030" /><testcase classname="backend.tests.test_standard_validator" name="test_missing_invalid_or_conflicting_offering_is_error[values3]" time="0.030" /><testcase classname="backend.tests.test_standard_validator" name="test_quota_counts_completed_and_selected_courses[completed0-1-valid]" time="0.035" /><testcase classname="backend.tests.test_standard_validator" name="test_quota_counts_completed_and_selected_courses[completed1-1-invalid]" time="0.042" /><testcase classname="backend.tests.test_standard_validator" name="test_quota_counts_completed_and_selected_courses[completed2-2-valid]" time="0.042" /><testcase classname="backend.tests.test_standard_validator" name="test_quota_counts_completed_and_selected_courses[completed3-0-invalid]" time="0.035" /><testcase classname="backend.tests.test_standard_validator" name="test_quota_counts_entire_candidate_and_requires_policy" time="0.158" /><testcase classname="backend.tests.test_standard_validator" name="test_quota_unknown_completed_category_does_not_pass" time="0.042" /><testcase classname="backend.tests.test_standard_validator" name="test_missing_malformed_or_ambiguous_category_is_error[edits0]" time="0.029" /><testcase classname="backend.tests.test_standard_validator" name="test_missing_malformed_or_ambiguous_category_is_error[edits1]" time="0.030" /><testcase classname="backend.tests.test_standard_validator" name="test_missing_malformed_or_ambiguous_category_is_error[edits2]" time="0.030" /><testcase classname="backend.tests.test_standard_validator" name="test_error_preserves_other_academic_violations" time="0.030" /><testcase classname="backend.tests.test_standard_validator" name="test_duplicate_snapshot_policy_keys_are_rejected" time="0.002" /><testcase classname="backend.tests.test_student_data_service" name="test_calculate_gpa_returns_weighted_average_for_valid_courses" time="0.000" /><testcase classname="backend.tests.test_student_data_service" name="test_calculate_gpa_returns_zero_for_empty_course_list" time="0.000" /><testcase classname="backend.tests.test_student_data_service" name="test_calculate_gpa_ignores_exempt_non_gpa_and_zero_credit_courses" time="0.000" /><testcase classname="backend.tests.test_student_data_service" name="test_calculate_gpa_ignores_failed_and_unspecified_grade" time="0.000" /><testcase classname="backend.tests.test_student_data_service" name="test_process_course_entries_keeps_best_passing_grade_and_counts_credit_once" time="0.000" /><testcase classname="backend.tests.test_student_data_service" name="test_process_course_entries_rejects_invalid_grade[-0.1]" time="0.000" /><testcase classname="backend.tests.test_student_data_service" name="test_process_course_entries_rejects_invalid_grade[10.1]" time="0.000" /><testcase classname="backend.tests.test_student_data_service" name="test_process_course_entries_rejects_invalid_grade[khong phai diem]" time="0.000" /><testcase classname="backend.tests.test_student_data_service" name="test_process_course_entries_rejects_course_missing_from_catalog" time="0.000" /><testcase classname="backend.tests.test_student_specialization" name="test_snapshot_preserves_specialization[C\xf4ng ngh\u1ec7 ph\u1ea7n m\u1ec1m-CNPM]" time="0.000" /><testcase classname="backend.tests.test_student_specialization" name="test_snapshot_preserves_specialization[C\xc3\xb4ng ngh\xe1\xbb\x87 ph\xe1\xba\xa7n m\xe1\xbb\x81m-CNPM]" time="0.000" /><testcase classname="backend.tests.test_student_specialization" name="test_snapshot_preserves_specialization[H\u1ec7 th\u1ed1ng th\xf4ng tin-HTTT]" time="0.000" /><testcase classname="backend.tests.test_student_specialization" name="test_snapshot_preserves_specialization[Truy\u1ec1n th\xf4ng v\xe0 m\u1ea1ng m\xe1y t\xednh-TTMMT]" time="0.000" /><testcase classname="backend.tests.test_student_specialization" name="test_snapshot_preserves_specialization[Tr\xed tu\u1ec7 nh\xe2n t\u1ea1o-TTNT]" time="0.000" /><testcase classname="backend.tests.test_student_specialization" name="test_snapshot_preserves_specialization[Khoa h\u1ecdc d\u1eef li\u1ec7u-KHDL]" time="0.000" /><testcase classname="backend.tests.test_student_specialization" name="test_snapshot_preserves_specialization[Ch\u01b0a ch\u1ecdn chuy\xean ng\xe0nh-None]" time="0.000" /><testcase classname="backend.tests.test_student_specialization" name="test_snapshot_preserves_specialization[-None]" time="0.000" /><testcase classname="backend.tests.test_student_specialization" name="test_major_mapping_is_explicit_and_diacritic_insensitive[C\xf4ng ngh\u1ec7 th\xf4ng tin-CNTT]" time="0.000" /><testcase classname="backend.tests.test_student_specialization" name="test_major_mapping_is_explicit_and_diacritic_insensitive[CNTT-CNTT]" time="0.000" /><testcase classname="backend.tests.test_student_specialization" name="test_major_mapping_is_explicit_and_diacritic_insensitive[Khoa h\u1ecdc m\xe1y t\xednh-KHMT]" time="0.000" /><testcase classname="backend.tests.test_student_specialization" name="test_major_mapping_is_explicit_and_diacritic_insensitive[KHMT-KHMT]" time="0.000" /><testcase classname="backend.tests.test_student_specialization" name="test_major_mapping_is_explicit_and_diacritic_insensitive[Khoa h\xe1\xbb\x8dc m\xc3\xa1y t\xc3\xadnh-KHMT]" time="0.000" /><testcase classname="backend.tests.test_student_specialization" name="test_unknown_major_does_not_default_to_cntt" time="0.000" /><testcase classname="backend.tests.test_student_specialization" name="test_snapshot_preserves_attempt_outcomes[\u0110\u1ea1t-passed]" time="0.000" /><testcase classname="backend.tests.test_student_specialization" name="test_snapshot_preserves_attempt_outcomes[Mi\u1ec5n-exempt]" time="0.000" /><testcase classname="backend.tests.test_student_specialization" name="test_snapshot_preserves_attempt_outcomes[Kh\xf4ng t\xednh \u0111i\u1ec3m-exempt]" time="0.000" /><testcase classname="backend.tests.test_student_specialization" name="test_snapshot_preserves_attempt_outcomes[Ch\u01b0a \u0111\u1ea1t-failed]" time="0.000" /><testcase classname="backend.tests.test_student_specialization" name="test_unknown_attempt_status_is_not_silently_treated_as_passed" time="0.000" /><testcase classname="backend.tests.test_target_term_mapping" name="test_non_next_term_is_rejected_before_reading_student_source[past-term]" time="0.000" /><testcase classname="backend.tests.test_target_term_mapping" name="test_non_next_term_is_rejected_before_reading_student_source[2026-1]" time="0.000" /><testcase classname="backend.tests.test_target_term_mapping" name="test_non_next_term_is_rejected_before_reading_student_source[arbitrary]" time="0.000" /><testcase classname="backend.tests.test_target_term_mapping" name="test_non_next_term_is_rejected_by_knowledge_loader_too" time="0.000" /><testcase classname="backend.tests.test_ui_integration" name="test_ui_student_dashboard_loads" time="0.010" /><testcase classname="backend.tests.test_ui_integration" name="test_ui_student_course_history_loads" time="0.007" /><testcase classname="backend.tests.test_ui_integration" name="test_ui_components_disabled_in_production" time="0.001" /></testsuite></testsuites>